<?xml version="1.0" encoding="UTF-8"?>
<testng-results ignored="0" total="1" passed="1" failed="0" skipped="0">
  <reporter-output>
  </reporter-output>
  <suite started-at="2023-06-03T16:50:51 CEST" name="Default suite" finished-at="2023-06-03T16:50:58 CEST" duration-ms="7347">
    <groups>
    </groups>
    <test started-at="2023-06-03T16:50:51 CEST" name="Default test" finished-at="2023-06-03T16:50:58 CEST" duration-ms="7347">
      <class name="TestCases.StoreLoginTest">
        <test-method signature="login()[pri:0, instance:TestCases.StoreLoginTest@7e5afaa6]" started-at="2023-06-03T16:50:51 CEST" name="login" finished-at="2023-06-03T16:50:58 CEST" duration-ms="7285" status="PASS">
          <reporter-output>
          </reporter-output>
        </test-method> <!-- login -->
      </class> <!-- TestCases.StoreLoginTest -->
    </test> <!-- Default test -->
  </suite> <!-- Default suite -->
</testng-results>
